<?xml version="1.0" encoding="UTF-8"?>
<testng-results skipped="0" failed="1" ignored="0" total="1" passed="0">
  <reporter-output>
  </reporter-output>
  <suite name="Default suite" duration-ms="221141" started-at="2019-11-27T17:07:26 IST" finished-at="2019-11-27T17:11:07 IST">
    <groups>
    </groups>
    <test name="Default test" duration-ms="221141" started-at="2019-11-27T17:07:26 IST" finished-at="2019-11-27T17:11:07 IST">
      <class name="com.training.SimpleTestCases.tests.TC04RealEstate_ProfileUpdateTest">
        <test-method status="PASS" signature="setUpBeforeClass()[pri:0, instance:com.training.SimpleTestCases.tests.TC04RealEstate_ProfileUpdateTest@22a67b4]" name="setUpBeforeClass" is-config="true" duration-ms="13" started-at="2019-11-27T17:07:26 IST" finished-at="2019-11-27T17:07:26 IST">
          <reporter-output>
          </reporter-output>
        </test-method> <!-- setUpBeforeClass -->
        <test-method status="PASS" signature="setUp()[pri:0, instance:com.training.SimpleTestCases.tests.TC04RealEstate_ProfileUpdateTest@22a67b4]" name="setUp" is-config="true" duration-ms="119519" started-at="2019-11-27T17:07:26 IST" finished-at="2019-11-27T17:09:26 IST">
          <reporter-output>
          </reporter-output>
        </test-method> <!-- setUp -->
        <test-method status="FAIL" signature="updateProfiledetails(java.lang.String, java.lang.String)[pri:0, instance:com.training.SimpleTestCases.tests.TC04RealEstate_ProfileUpdateTest@22a67b4]" name="updateProfiledetails" duration-ms="30066" started-at="2019-11-27T17:09:26 IST" data-provider="xlsx-input-sheet2" finished-at="2019-11-27T17:09:56 IST">
          <params>
            <param index="0">
              <value>
                <![CDATA[meet2prashant@gmail.com]]>
              </value>
            </param>
            <param index="1">
              <value>
                <![CDATA[Chikchik@123]]>
              </value>
            </param>
          </params>
          <exception class="org.openqa.selenium.NoSuchElementException">
            <message>
              <![CDATA[no such element: Unable to locate element: {"method":"xpath","selector":"//a[@class='current']"}
  (Session info: chrome=78.0.3904.108)
For documentation on this error, please visit: http://seleniumhq.org/exceptions/no_such_element.html
Build info: version: '3.6.0', revision: '6fbf3ec767', time: '2017-09-27T15:28:36.4Z'
System info: host: 'DESKTOP-O94L9J6', ip: '9.199.57.216', os.name: 'Windows 10', os.arch: 'amd64', os.version: '10.0', java.version: '1.8.0_201'
Driver info: org.openqa.selenium.chrome.ChromeDriver
Capabilities [{networkConnectionEnabled=false, chrome={chromedriverVersion=78.0.3904.70 (edb9c9f3de0247fd912a77b7f6cae7447f6d3ad5-refs/branch-heads/3904@{#800}), userDataDir=C:\Users\VANDAN~1\AppData\Local\Temp\scoped_dir7868_927119724}, timeouts={implicit=0, pageLoad=300000, script=30000}, pageLoadStrategy=normal, unhandledPromptBehavior=dismiss and notify, strictFileInteractability=false, platform=XP, proxy=Proxy(), goog:chromeOptions={debuggerAddress=localhost:51075}, acceptInsecureCerts=false, browserVersion=78.0.3904.108, browserName=chrome, javascriptEnabled=true, platformName=XP, setWindowRect=true}]
Session ID: f75a2c5e40e61d8ca501bb5c7623741a
*** Element info: {Using=xpath, value=//a[@class='current']}]]>
            </message>
            <full-stacktrace>
              <![CDATA[org.openqa.selenium.NoSuchElementException: no such element: Unable to locate element: {"method":"xpath","selector":"//a[@class='current']"}
  (Session info: chrome=78.0.3904.108)
For documentation on this error, please visit: http://seleniumhq.org/exceptions/no_such_element.html
Build info: version: '3.6.0', revision: '6fbf3ec767', time: '2017-09-27T15:28:36.4Z'
System info: host: 'DESKTOP-O94L9J6', ip: '9.199.57.216', os.name: 'Windows 10', os.arch: 'amd64', os.version: '10.0', java.version: '1.8.0_201'
Driver info: org.openqa.selenium.chrome.ChromeDriver
Capabilities [{networkConnectionEnabled=false, chrome={chromedriverVersion=78.0.3904.70 (edb9c9f3de0247fd912a77b7f6cae7447f6d3ad5-refs/branch-heads/3904@{#800}), userDataDir=C:\Users\VANDAN~1\AppData\Local\Temp\scoped_dir7868_927119724}, timeouts={implicit=0, pageLoad=300000, script=30000}, pageLoadStrategy=normal, unhandledPromptBehavior=dismiss and notify, strictFileInteractability=false, platform=XP, proxy=Proxy(), goog:chromeOptions={debuggerAddress=localhost:51075}, acceptInsecureCerts=false, browserVersion=78.0.3904.108, browserName=chrome, javascriptEnabled=true, platformName=XP, setWindowRect=true}]
Session ID: f75a2c5e40e61d8ca501bb5c7623741a
*** Element info: {Using=xpath, value=//a[@class='current']}
at sun.reflect.NativeConstructorAccessorImpl.newInstance0(Native Method)
at sun.reflect.NativeConstructorAccessorImpl.newInstance(Unknown Source)
at sun.reflect.DelegatingConstructorAccessorImpl.newInstance(Unknown Source)
at java.lang.reflect.Constructor.newInstance(Unknown Source)
at org.openqa.selenium.remote.http.W3CHttpResponseCodec.createException(W3CHttpResponseCodec.java:185)
at org.openqa.selenium.remote.http.W3CHttpResponseCodec.decode(W3CHttpResponseCodec.java:120)
at org.openqa.selenium.remote.http.W3CHttpResponseCodec.decode(W3CHttpResponseCodec.java:49)
at org.openqa.selenium.remote.HttpCommandExecutor.execute(HttpCommandExecutor.java:164)
at org.openqa.selenium.remote.service.DriverCommandExecutor.execute(DriverCommandExecutor.java:83)
at org.openqa.selenium.remote.RemoteWebDriver.execute(RemoteWebDriver.java:586)
at org.openqa.selenium.remote.RemoteWebDriver.findElement(RemoteWebDriver.java:356)
at org.openqa.selenium.remote.RemoteWebDriver.findElementByXPath(RemoteWebDriver.java:458)
at org.openqa.selenium.By$ByXPath.findElement(By.java:361)
at org.openqa.selenium.remote.RemoteWebDriver.findElement(RemoteWebDriver.java:348)
at org.openqa.selenium.support.pagefactory.DefaultElementLocator.findElement(DefaultElementLocator.java:69)
at org.openqa.selenium.support.pagefactory.internal.LocatingElementHandler.invoke(LocatingElementHandler.java:38)
at com.sun.proxy.$Proxy11.click(Unknown Source)
at com.training.pom.UserProfilePOM.validateScreen(UserProfilePOM.java:65)
at com.training.SimpleTestCases.tests.TC04RealEstate_ProfileUpdateTest.updateProfiledetails(TC04RealEstate_ProfileUpdateTest.java:104)
at sun.reflect.NativeMethodAccessorImpl.invoke0(Native Method)
at sun.reflect.NativeMethodAccessorImpl.invoke(Unknown Source)
at sun.reflect.DelegatingMethodAccessorImpl.invoke(Unknown Source)
at java.lang.reflect.Method.invoke(Unknown Source)
at org.testng.internal.MethodInvocationHelper.invokeMethod(MethodInvocationHelper.java:133)
at org.testng.internal.TestInvoker.invokeMethod(TestInvoker.java:584)
at org.testng.internal.TestInvoker.invokeTestMethod(TestInvoker.java:172)
at org.testng.internal.MethodRunner.runInSequence(MethodRunner.java:46)
at org.testng.internal.TestInvoker$MethodInvocationAgent.invoke(TestInvoker.java:804)
at org.testng.internal.TestInvoker.invokeTestMethods(TestInvoker.java:145)
at org.testng.internal.TestMethodWorker.invokeTestMethods(TestMethodWorker.java:146)
at org.testng.internal.TestMethodWorker.run(TestMethodWorker.java:128)
at java.util.ArrayList.forEach(Unknown Source)
at org.testng.TestRunner.privateRun(TestRunner.java:770)
at org.testng.TestRunner.run(TestRunner.java:591)
at org.testng.SuiteRunner.runTest(SuiteRunner.java:402)
at org.testng.SuiteRunner.runSequentially(SuiteRunner.java:396)
at org.testng.SuiteRunner.privateRun(SuiteRunner.java:355)
at org.testng.SuiteRunner.run(SuiteRunner.java:304)
at org.testng.SuiteRunnerWorker.runSuite(SuiteRunnerWorker.java:53)
at org.testng.SuiteRunnerWorker.run(SuiteRunnerWorker.java:96)
at org.testng.TestNG.runSuitesSequentially(TestNG.java:1180)
at org.testng.TestNG.runSuitesLocally(TestNG.java:1102)
at org.testng.TestNG.runSuites(TestNG.java:1032)
at org.testng.TestNG.run(TestNG.java:1000)
at org.testng.remote.AbstractRemoteTestNG.run(AbstractRemoteTestNG.java:115)
at org.testng.remote.RemoteTestNG.initAndRun(RemoteTestNG.java:251)
at org.testng.remote.RemoteTestNG.main(RemoteTestNG.java:77)
]]>
            </full-stacktrace>
          </exception> <!-- org.openqa.selenium.NoSuchElementException -->
          <reporter-output>
          </reporter-output>
        </test-method> <!-- updateProfiledetails -->
        <test-method status="PASS" signature="tearDown()[pri:0, instance:com.training.SimpleTestCases.tests.TC04RealEstate_ProfileUpdateTest@22a67b4]" name="tearDown" is-config="true" duration-ms="70931" started-at="2019-11-27T17:09:56 IST" finished-at="2019-11-27T17:11:07 IST">
          <reporter-output>
          </reporter-output>
        </test-method> <!-- tearDown -->
      </class> <!-- com.training.SimpleTestCases.tests.TC04RealEstate_ProfileUpdateTest -->
    </test> <!-- Default test -->
  </suite> <!-- Default suite -->
</testng-results>
