<?xml version="1.0" encoding="UTF-8"?>
<!-- Generated by org.testng.reporters.JUnitXMLReporter -->
<testsuite hostname="DESKTOP-O94L9J6" ignored="0" name="Default test" tests="4" failures="0" timestamp="2019-12-04T18:27:35 IST" time="242.468" errors="0">
  <testcase name="checkUser" time="10.92" classname="com.training.ComplexTestCases.tests.RETC063_RegisterUserInvalidDetailsTest"/>
  <testcase name="checkUser" time="10.066" classname="com.training.ComplexTestCases.tests.RETC063_RegisterUserInvalidDetailsTest"/>
  <testcase name="checkUser" time="12.18" classname="com.training.ComplexTestCases.tests.RETC063_RegisterUserInvalidDetailsTest"/>
  <testcase name="checkUser" time="11.64" classname="com.training.ComplexTestCases.tests.RETC063_RegisterUserInvalidDetailsTest"/>
</testsuite> <!-- Default test -->
