<?xml version="1.0" encoding="UTF-8"?>
<!-- Generated by org.testng.reporters.JUnitXMLReporter -->
<testsuite hostname="DESKTOP-O94L9J6" ignored="0" name="Sample test" tests="9" failures="0" timestamp="2019-12-06T15:26:28 IST" time="116.95" errors="0">
  <testcase name="registermultipleUsers" time="3.999" classname="com.training.ComplexTestCases.tests.RETC061andRETC062_RegisterViewMultipleUsersTest"/>
  <testcase name="registermultipleUsers" time="3.825" classname="com.training.ComplexTestCases.tests.RETC061andRETC062_RegisterViewMultipleUsersTest"/>
  <testcase name="registermultipleUsers" time="3.547" classname="com.training.ComplexTestCases.tests.RETC061andRETC062_RegisterViewMultipleUsersTest"/>
  <testcase name="registermultipleUsers" time="3.475" classname="com.training.ComplexTestCases.tests.RETC061andRETC062_RegisterViewMultipleUsersTest"/>
  <testcase name="AdminLogin" time="10.407" classname="com.training.ComplexTestCases.tests.RETC061andRETC062_RegisterViewMultipleUsersTest"/>
  <testcase name="viewUserDetails" time="11.844" classname="com.training.ComplexTestCases.tests.RETC061andRETC062_RegisterViewMultipleUsersTest"/>
  <testcase name="viewUserDetails" time="9.137" classname="com.training.ComplexTestCases.tests.RETC061andRETC062_RegisterViewMultipleUsersTest"/>
  <testcase name="viewUserDetails" time="10.167" classname="com.training.ComplexTestCases.tests.RETC061andRETC062_RegisterViewMultipleUsersTest"/>
  <testcase name="viewUserDetails" time="8.441" classname="com.training.ComplexTestCases.tests.RETC061andRETC062_RegisterViewMultipleUsersTest"/>
</testsuite> <!-- Sample test -->
